11-28-2022 19:38:32: Peer 1008 makes a connection to Peer 1005.
11-28-2022 19:38:32: Peer 1008 has the preferred neighbors [].
11-28-2022 19:38:32: Peer 1008 is connected from Peer 1005.
11-28-2022 19:38:32: Peer 1008 makes a connection to Peer 1002.
11-28-2022 19:38:32: Peer 1008 is connected from Peer 1002.
11-28-2022 19:38:32: Peer 1008 makes a connection to Peer 1004.
11-28-2022 19:38:32: Peer 1008 is connected from Peer 1004.
11-28-2022 19:38:32: Peer 1008 makes a connection to Peer 1003.
11-28-2022 19:38:32: Peer 1008 is connected from Peer 1003.
11-28-2022 19:38:32: Peer 1008 makes a connection to Peer 1007.
11-28-2022 19:38:32: Peer 1008 is connected from Peer 1007.
11-28-2022 19:38:32: Peer 1008 makes a connection to Peer 1001.
11-28-2022 19:38:32: Peer 1008 is connected from Peer 1001.
11-28-2022 19:38:32: Peer 1008 makes a connection to Peer 1006.
11-28-2022 19:38:32: Peer 1008 is connected from Peer 1006.
11-28-2022 19:38:33: Peer 1008 is unchoked by Peer 1003.
11-28-2022 19:38:33: Peer 1008 has downloaded the piece 56 from 1003.Now the number of pieces it has is 1.
11-28-2022 19:38:33: Peer 1008 has downloaded the piece 102 from 1003.Now the number of pieces it has is 2.
11-28-2022 19:38:33: Peer 1008 has downloaded the piece 93 from 1003.Now the number of pieces it has is 3.
11-28-2022 19:38:33: Peer 1008 has downloaded the piece 20 from 1003.Now the number of pieces it has is 4.
11-28-2022 19:38:33: Peer 1008 has downloaded the piece 132 from 1003.Now the number of pieces it has is 5.
11-28-2022 19:38:33: Peer 1008 has downloaded the piece 23 from 1003.Now the number of pieces it has is 6.
11-28-2022 19:38:33: Peer 1008 has downloaded the piece 53 from 1003.Now the number of pieces it has is 7.
11-28-2022 19:38:33: Peer 1008 has downloaded the piece 87 from 1003.Now the number of pieces it has is 8.
11-28-2022 19:38:33: Peer 1008 has downloaded the piece 131 from 1003.Now the number of pieces it has is 9.
11-28-2022 19:38:33: Peer 1008 has downloaded the piece 110 from 1003.Now the number of pieces it has is 10.
11-28-2022 19:38:33: Peer 1008 has downloaded the piece 13 from 1003.Now the number of pieces it has is 11.
11-28-2022 19:38:33: Peer 1008 has downloaded the piece 21 from 1003.Now the number of pieces it has is 12.
11-28-2022 19:38:33: Peer 1008 has downloaded the piece 112 from 1003.Now the number of pieces it has is 13.
11-28-2022 19:38:33: Peer 1008 has downloaded the piece 6 from 1003.Now the number of pieces it has is 14.
11-28-2022 19:38:33: Peer 1008 has downloaded the piece 33 from 1003.Now the number of pieces it has is 15.
11-28-2022 19:38:33: Peer 1008 has downloaded the piece 86 from 1003.Now the number of pieces it has is 16.
11-28-2022 19:38:33: Peer 1008 has downloaded the piece 55 from 1003.Now the number of pieces it has is 17.
11-28-2022 19:38:33: Peer 1008 has downloaded the piece 0 from 1003.Now the number of pieces it has is 18.
11-28-2022 19:38:33: Peer 1008 has downloaded the piece 84 from 1003.Now the number of pieces it has is 19.
11-28-2022 19:38:33: Peer 1008 has downloaded the piece 10 from 1003.Now the number of pieces it has is 20.
11-28-2022 19:38:33: Peer 1008 has downloaded the piece 91 from 1003.Now the number of pieces it has is 21.
11-28-2022 19:38:33: Peer 1008 has downloaded the piece 3 from 1003.Now the number of pieces it has is 22.
11-28-2022 19:38:33: Peer 1008 has downloaded the piece 126 from 1003.Now the number of pieces it has is 23.
11-28-2022 19:38:33: Peer 1008 has downloaded the piece 73 from 1003.Now the number of pieces it has is 24.
11-28-2022 19:38:33: Peer 1008 has downloaded the piece 24 from 1003.Now the number of pieces it has is 25.
11-28-2022 19:38:33: Peer 1008 has downloaded the piece 38 from 1003.Now the number of pieces it has is 26.
11-28-2022 19:38:33: Peer 1008 has downloaded the piece 36 from 1003.Now the number of pieces it has is 27.
11-28-2022 19:38:33: Peer 1008 has downloaded the piece 54 from 1003.Now the number of pieces it has is 28.
11-28-2022 19:38:33: Peer 1008 has downloaded the piece 26 from 1003.Now the number of pieces it has is 29.
11-28-2022 19:38:33: Peer 1008 has downloaded the piece 89 from 1003.Now the number of pieces it has is 30.
11-28-2022 19:38:33: Peer 1008 has downloaded the piece 92 from 1003.Now the number of pieces it has is 31.
11-28-2022 19:38:33: Peer 1008 has downloaded the piece 4 from 1003.Now the number of pieces it has is 32.
11-28-2022 19:38:33: Peer 1008 has downloaded the piece 14 from 1003.Now the number of pieces it has is 33.
11-28-2022 19:38:33: Peer 1008 has downloaded the piece 64 from 1003.Now the number of pieces it has is 34.
11-28-2022 19:38:33: Peer 1008 has downloaded the piece 79 from 1003.Now the number of pieces it has is 35.
11-28-2022 19:38:33: Peer 1008 has downloaded the piece 65 from 1003.Now the number of pieces it has is 36.
11-28-2022 19:38:33: Peer 1008 has downloaded the piece 74 from 1003.Now the number of pieces it has is 37.
11-28-2022 19:38:33: Peer 1008 has downloaded the piece 115 from 1003.Now the number of pieces it has is 38.
11-28-2022 19:38:33: Peer 1008 has downloaded the piece 16 from 1003.Now the number of pieces it has is 39.
11-28-2022 19:38:33: Peer 1008 has downloaded the piece 60 from 1003.Now the number of pieces it has is 40.
11-28-2022 19:38:33: Peer 1008 has downloaded the piece 31 from 1003.Now the number of pieces it has is 41.
11-28-2022 19:38:33: Peer 1008 has downloaded the piece 119 from 1003.Now the number of pieces it has is 42.
11-28-2022 19:38:33: Peer 1008 has downloaded the piece 120 from 1003.Now the number of pieces it has is 43.
11-28-2022 19:38:33: Peer 1008 has downloaded the piece 103 from 1003.Now the number of pieces it has is 44.
11-28-2022 19:38:33: Peer 1008 has downloaded the piece 7 from 1003.Now the number of pieces it has is 45.
11-28-2022 19:38:33: Peer 1008 has downloaded the piece 90 from 1003.Now the number of pieces it has is 46.
11-28-2022 19:38:33: Peer 1008 has downloaded the piece 25 from 1003.Now the number of pieces it has is 47.
11-28-2022 19:38:33: Peer 1008 has downloaded the piece 39 from 1003.Now the number of pieces it has is 48.
11-28-2022 19:38:33: Peer 1008 has downloaded the piece 66 from 1003.Now the number of pieces it has is 49.
11-28-2022 19:38:33: Peer 1008 has downloaded the piece 85 from 1003.Now the number of pieces it has is 50.
11-28-2022 19:38:33: Peer 1008 has downloaded the piece 82 from 1003.Now the number of pieces it has is 51.
11-28-2022 19:38:33: Peer 1008 has downloaded the piece 129 from 1003.Now the number of pieces it has is 52.
11-28-2022 19:38:33: Peer 1008 has downloaded the piece 83 from 1003.Now the number of pieces it has is 53.
11-28-2022 19:38:33: Peer 1008 has downloaded the piece 88 from 1003.Now the number of pieces it has is 54.
11-28-2022 19:38:33: Peer 1008 has downloaded the piece 100 from 1003.Now the number of pieces it has is 55.
11-28-2022 19:38:33: Peer 1008 has downloaded the piece 105 from 1003.Now the number of pieces it has is 56.
11-28-2022 19:38:33: Peer 1008 has downloaded the piece 122 from 1003.Now the number of pieces it has is 57.
11-28-2022 19:38:33: Peer 1008 has downloaded the piece 40 from 1003.Now the number of pieces it has is 58.
11-28-2022 19:38:33: Peer 1008 has downloaded the piece 44 from 1003.Now the number of pieces it has is 59.
11-28-2022 19:38:33: Peer 1008 has downloaded the piece 71 from 1003.Now the number of pieces it has is 60.
11-28-2022 19:38:33: Peer 1008 has downloaded the piece 95 from 1003.Now the number of pieces it has is 61.
11-28-2022 19:38:33: Peer 1008 has downloaded the piece 52 from 1003.Now the number of pieces it has is 62.
11-28-2022 19:38:33: Peer 1008 has downloaded the piece 30 from 1003.Now the number of pieces it has is 63.
11-28-2022 19:38:33: Peer 1008 has downloaded the piece 63 from 1003.Now the number of pieces it has is 64.
11-28-2022 19:38:33: Peer 1008 has downloaded the piece 76 from 1003.Now the number of pieces it has is 65.
11-28-2022 19:38:33: Peer 1008 has downloaded the piece 42 from 1003.Now the number of pieces it has is 66.
11-28-2022 19:38:33: Peer 1008 has downloaded the piece 46 from 1003.Now the number of pieces it has is 67.
11-28-2022 19:38:33: Peer 1008 has downloaded the piece 1 from 1003.Now the number of pieces it has is 68.
11-28-2022 19:38:33: Peer 1008 has downloaded the piece 5 from 1003.Now the number of pieces it has is 69.
11-28-2022 19:38:33: Peer 1008 has downloaded the piece 29 from 1003.Now the number of pieces it has is 70.
11-28-2022 19:38:33: Peer 1008 has downloaded the piece 18 from 1003.Now the number of pieces it has is 71.
11-28-2022 19:38:33: Peer 1008 has downloaded the piece 69 from 1003.Now the number of pieces it has is 72.
11-28-2022 19:38:33: Peer 1008 has downloaded the piece 113 from 1003.Now the number of pieces it has is 73.
11-28-2022 19:38:33: Peer 1008 has downloaded the piece 61 from 1003.Now the number of pieces it has is 74.
11-28-2022 19:38:33: Peer 1008 has downloaded the piece 104 from 1003.Now the number of pieces it has is 75.
11-28-2022 19:38:33: Peer 1008 has downloaded the piece 19 from 1003.Now the number of pieces it has is 76.
11-28-2022 19:38:33: Peer 1008 has downloaded the piece 121 from 1003.Now the number of pieces it has is 77.
11-28-2022 19:38:33: Peer 1008 has downloaded the piece 67 from 1003.Now the number of pieces it has is 78.
11-28-2022 19:38:33: Peer 1008 has downloaded the piece 123 from 1003.Now the number of pieces it has is 79.
11-28-2022 19:38:33: Peer 1008 has downloaded the piece 57 from 1003.Now the number of pieces it has is 80.
11-28-2022 19:38:33: Peer 1008 has downloaded the piece 106 from 1003.Now the number of pieces it has is 81.
11-28-2022 19:38:33: Peer 1008 has downloaded the piece 8 from 1003.Now the number of pieces it has is 82.
11-28-2022 19:38:33: Peer 1008 has downloaded the piece 99 from 1003.Now the number of pieces it has is 83.
11-28-2022 19:38:33: Peer 1008 has downloaded the piece 9 from 1003.Now the number of pieces it has is 84.
11-28-2022 19:38:33: Peer 1008 has downloaded the piece 43 from 1003.Now the number of pieces it has is 85.
11-28-2022 19:38:33: Peer 1008 has downloaded the piece 130 from 1003.Now the number of pieces it has is 86.
11-28-2022 19:38:33: Peer 1008 has downloaded the piece 47 from 1003.Now the number of pieces it has is 87.
11-28-2022 19:38:33: Peer 1008 has downloaded the piece 97 from 1003.Now the number of pieces it has is 88.
11-28-2022 19:38:33: Peer 1008 is unchoked by Peer 1006.
11-28-2022 19:38:33: Peer 1008 has downloaded the piece 109 from 1003.Now the number of pieces it has is 89.
11-28-2022 19:38:33: Peer 1008 has downloaded the piece 68 from 1006.Now the number of pieces it has is 90.
11-28-2022 19:38:33: Peer 1008 has downloaded the piece 72 from 1003.Now the number of pieces it has is 91.
11-28-2022 19:38:33: Peer 1008 has downloaded the piece 125 from 1006.Now the number of pieces it has is 92.
11-28-2022 19:38:33: Peer 1008 has downloaded the piece 107 from 1003.Now the number of pieces it has is 93.
11-28-2022 19:38:33: Peer 1008 has downloaded the piece 11 from 1006.Now the number of pieces it has is 94.
11-28-2022 19:38:33: Peer 1008 has downloaded the piece 37 from 1003.Now the number of pieces it has is 95.
11-28-2022 19:38:33: Peer 1008 has downloaded the piece 98 from 1006.Now the number of pieces it has is 96.
11-28-2022 19:38:33: Peer 1008 has downloaded the piece 2 from 1003.Now the number of pieces it has is 97.
11-28-2022 19:38:33: Peer 1008 has downloaded the piece 32 from 1006.Now the number of pieces it has is 98.
11-28-2022 19:38:33: Peer 1008 has downloaded the piece 124 from 1003.Now the number of pieces it has is 99.
11-28-2022 19:38:33: Peer 1008 has downloaded the piece 58 from 1006.Now the number of pieces it has is 100.
11-28-2022 19:38:33: Peer 1008 has downloaded the piece 51 from 1003.Now the number of pieces it has is 101.
11-28-2022 19:38:33: Peer 1008 has downloaded the piece 35 from 1006.Now the number of pieces it has is 102.
11-28-2022 19:38:33: Peer 1008 has downloaded the piece 22 from 1003.Now the number of pieces it has is 103.
11-28-2022 19:38:33: Peer 1008 has downloaded the piece 49 from 1006.Now the number of pieces it has is 104.
11-28-2022 19:38:33: Peer 1008 has downloaded the piece 94 from 1003.Now the number of pieces it has is 105.
11-28-2022 19:38:33: Peer 1008 has downloaded the piece 101 from 1006.Now the number of pieces it has is 106.
11-28-2022 19:38:33: Peer 1008 has downloaded the piece 77 from 1003.Now the number of pieces it has is 107.
11-28-2022 19:38:33: Peer 1008 has downloaded the piece 28 from 1006.Now the number of pieces it has is 108.
11-28-2022 19:38:33: Peer 1008 has downloaded the piece 41 from 1003.Now the number of pieces it has is 109.
11-28-2022 19:38:33: Peer 1008 has downloaded the piece 50 from 1006.Now the number of pieces it has is 110.
11-28-2022 19:38:33: Peer 1008 has downloaded the piece 70 from 1003.Now the number of pieces it has is 111.
11-28-2022 19:38:33: Peer 1008 has downloaded the piece 117 from 1006.Now the number of pieces it has is 112.
11-28-2022 19:38:33: Peer 1008 has downloaded the piece 128 from 1003.Now the number of pieces it has is 113.
11-28-2022 19:38:33: Peer 1008 has downloaded the piece 80 from 1006.Now the number of pieces it has is 114.
11-28-2022 19:38:33: Peer 1008 has downloaded the piece 78 from 1003.Now the number of pieces it has is 115.
11-28-2022 19:38:33: Peer 1008 has downloaded the piece 127 from 1006.Now the number of pieces it has is 116.
11-28-2022 19:38:33: Peer 1008 has downloaded the piece 45 from 1003.Now the number of pieces it has is 117.
11-28-2022 19:38:33: Peer 1008 has downloaded the piece 59 from 1006.Now the number of pieces it has is 118.
11-28-2022 19:38:33: Peer 1008 has downloaded the piece 34 from 1003.Now the number of pieces it has is 119.
11-28-2022 19:38:33: Peer 1008 has downloaded the piece 62 from 1006.Now the number of pieces it has is 120.
11-28-2022 19:38:33: Peer 1008 has downloaded the piece 75 from 1003.Now the number of pieces it has is 121.
11-28-2022 19:38:33: Peer 1008 has downloaded the piece 114 from 1006.Now the number of pieces it has is 122.
11-28-2022 19:38:33: Peer 1008 has downloaded the piece 81 from 1003.Now the number of pieces it has is 123.
11-28-2022 19:38:33: Peer 1008 has downloaded the piece 108 from 1006.Now the number of pieces it has is 124.
11-28-2022 19:38:33: Peer 1008 has downloaded the piece 15 from 1003.Now the number of pieces it has is 125.
11-28-2022 19:38:33: Peer 1008 has downloaded the piece 17 from 1006.Now the number of pieces it has is 126.
11-28-2022 19:38:33: Peer 1008 has downloaded the piece 48 from 1003.Now the number of pieces it has is 127.
11-28-2022 19:38:33: Peer 1008 has downloaded the piece 111 from 1006.Now the number of pieces it has is 128.
11-28-2022 19:38:33: Peer 1008 has downloaded the piece 118 from 1003.Now the number of pieces it has is 129.
11-28-2022 19:38:33: Peer 1008 has downloaded the piece 96 from 1006.Now the number of pieces it has is 130.
11-28-2022 19:38:33: Peer 1008 has downloaded the piece 27 from 1003.Now the number of pieces it has is 131.
11-28-2022 19:38:33: Peer 1008 has downloaded the piece 12 from 1006.Now the number of pieces it has is 132.
11-28-2022 19:38:33: Peer 1008 has downloaded the piece 116 from 1003.Now the number of pieces it has is 133.
11-28-2022 19:38:33: Peer 1008 has downloaded the complete file.
11-28-2022 19:38:33: Peer 1008 has downloaded the complete file.
11-28-2022 19:38:33: Peer 1008 makes a connection to Peer 1009.
11-28-2022 19:38:33: Peer 1008 is connected from Peer 1009.
11-28-2022 19:38:33: Peer 1008 received the 'interested' message from 1009.
11-28-2022 19:38:34: Peer 1008 received the 'have' message from 1009 for the piece65.
11-28-2022 19:38:34: Peer 1008 received the 'have' message from 1009 for the piece8.
11-28-2022 19:38:34: Peer 1008 received the 'have' message from 1009 for the piece33.
11-28-2022 19:38:34: Peer 1008 received the 'have' message from 1009 for the piece30.
11-28-2022 19:38:34: Peer 1008 received the 'have' message from 1009 for the piece94.
11-28-2022 19:38:34: Peer 1008 received the 'have' message from 1009 for the piece17.
11-28-2022 19:38:34: Peer 1008 received the 'have' message from 1009 for the piece97.
11-28-2022 19:38:34: Peer 1008 received the 'have' message from 1009 for the piece54.
11-28-2022 19:38:34: Peer 1008 received the 'have' message from 1009 for the piece99.
11-28-2022 19:38:34: Peer 1008 received the 'have' message from 1009 for the piece110.
11-28-2022 19:38:34: Peer 1008 received the 'have' message from 1009 for the piece113.
11-28-2022 19:38:34: Peer 1008 received the 'have' message from 1009 for the piece41.
11-28-2022 19:38:34: Peer 1008 is unchoked by Peer 1004.
11-28-2022 19:38:34: Peer 1008 received the 'have' message from 1009 for the piece78.
11-28-2022 19:38:34: Peer 1008 received the 'have' message from 1009 for the piece12.
11-28-2022 19:38:34: Peer 1008 received the 'have' message from 1009 for the piece62.
11-28-2022 19:38:34: Peer 1008 received the 'have' message from 1009 for the piece25.
11-28-2022 19:38:34: Peer 1008 received the 'have' message from 1009 for the piece100.
11-28-2022 19:38:34: Peer 1008 received the 'have' message from 1009 for the piece121.
11-28-2022 19:38:34: Peer 1008 received the 'have' message from 1009 for the piece29.
11-28-2022 19:38:34: Peer 1008 received the 'have' message from 1009 for the piece57.
11-28-2022 19:38:34: Peer 1008 received the 'have' message from 1009 for the piece98.
11-28-2022 19:38:34: Peer 1008 received the 'have' message from 1009 for the piece42.
11-28-2022 19:38:34: Peer 1008 received the 'have' message from 1009 for the piece35.
11-28-2022 19:38:34: Peer 1008 received the 'have' message from 1009 for the piece130.
11-28-2022 19:38:34: Peer 1008 received the 'have' message from 1009 for the piece11.
11-28-2022 19:38:34: Peer 1008 received the 'have' message from 1009 for the piece27.
11-28-2022 19:38:34: Peer 1008 received the 'have' message from 1009 for the piece36.
11-28-2022 19:38:34: Peer 1008 received the 'have' message from 1009 for the piece51.
11-28-2022 19:38:34: Peer 1008 received the 'have' message from 1009 for the piece95.
11-28-2022 19:38:34: Peer 1008 received the 'have' message from 1009 for the piece84.
11-28-2022 19:38:34: Peer 1008 received the 'have' message from 1009 for the piece38.
11-28-2022 19:38:34: Peer 1008 is unchoked by Peer 1001.
11-28-2022 19:38:34: Peer 1008 received the 'have' message from 1009 for the piece118.
11-28-2022 19:38:34: Peer 1008 received the 'have' message from 1009 for the piece44.
11-28-2022 19:38:34: Peer 1008 received the 'have' message from 1009 for the piece23.
11-28-2022 19:38:34: Peer 1008 received the 'have' message from 1009 for the piece40.
11-28-2022 19:38:34: Peer 1008 received the 'have' message from 1009 for the piece132.
11-28-2022 19:38:34: Peer 1008 received the 'have' message from 1009 for the piece45.
11-28-2022 19:38:34: Peer 1008 received the 'have' message from 1009 for the piece69.
11-28-2022 19:38:34: Peer 1008 received the 'have' message from 1009 for the piece22.
11-28-2022 19:38:34: Peer 1008 received the 'have' message from 1009 for the piece103.
11-28-2022 19:38:34: Peer 1008 received the 'have' message from 1009 for the piece20.
11-28-2022 19:38:34: Peer 1008 received the 'have' message from 1009 for the piece120.
11-28-2022 19:38:34: Peer 1008 received the 'have' message from 1009 for the piece5.
11-28-2022 19:38:34: Peer 1008 received the 'have' message from 1009 for the piece102.
11-28-2022 19:38:34: Peer 1008 received the 'have' message from 1009 for the piece72.
11-28-2022 19:38:34: Peer 1008 received the 'have' message from 1009 for the piece85.
11-28-2022 19:38:34: Peer 1008 received the 'have' message from 1009 for the piece129.
11-28-2022 19:38:34: Peer 1008 received the 'have' message from 1009 for the piece47.
11-28-2022 19:38:34: Peer 1008 received the 'have' message from 1009 for the piece117.
11-28-2022 19:38:34: Peer 1008 received the 'have' message from 1009 for the piece124.
11-28-2022 19:38:34: Peer 1008 received the 'have' message from 1009 for the piece18.
11-28-2022 19:38:34: Peer 1008 received the 'have' message from 1009 for the piece91.
11-28-2022 19:38:34: Peer 1008 received the 'have' message from 1009 for the piece64.
11-28-2022 19:38:34: Peer 1008 received the 'have' message from 1009 for the piece128.
11-28-2022 19:38:34: Peer 1008 received the 'have' message from 1009 for the piece9.
11-28-2022 19:38:34: Peer 1008 received the 'have' message from 1009 for the piece108.
11-28-2022 19:38:34: Peer 1008 received the 'have' message from 1009 for the piece109.
11-28-2022 19:38:34: Peer 1008 received the 'have' message from 1009 for the piece63.
11-28-2022 19:38:34: Peer 1008 received the 'have' message from 1009 for the piece37.
11-28-2022 19:38:34: Peer 1008 received the 'have' message from 1009 for the piece104.
11-28-2022 19:38:34: Peer 1008 received the 'have' message from 1009 for the piece66.
11-28-2022 19:38:34: Peer 1008 received the 'have' message from 1009 for the piece81.
11-28-2022 19:38:34: Peer 1008 received the 'have' message from 1009 for the piece112.
11-28-2022 19:38:34: Peer 1008 received the 'have' message from 1009 for the piece76.
11-28-2022 19:38:34: Peer 1008 received the 'have' message from 1009 for the piece74.
11-28-2022 19:38:34: Peer 1008 received the 'have' message from 1009 for the piece111.
11-28-2022 19:38:34: Peer 1008 received the 'have' message from 1009 for the piece55.
11-28-2022 19:38:34: Peer 1008 received the 'have' message from 1009 for the piece92.
11-28-2022 19:38:34: Peer 1008 received the 'have' message from 1009 for the piece60.
11-28-2022 19:38:34: Peer 1008 received the 'have' message from 1009 for the piece32.
11-28-2022 19:38:34: Peer 1008 received the 'have' message from 1009 for the piece123.
11-28-2022 19:38:34: Peer 1008 received the 'have' message from 1009 for the piece68.
11-28-2022 19:38:34: Peer 1008 received the 'have' message from 1009 for the piece75.
11-28-2022 19:38:34: Peer 1008 received the 'have' message from 1009 for the piece107.
11-28-2022 19:38:34: Peer 1008 received the 'have' message from 1009 for the piece28.
11-28-2022 19:38:34: Peer 1008 received the 'have' message from 1009 for the piece93.
11-28-2022 19:38:34: Peer 1008 received the 'have' message from 1009 for the piece88.
11-28-2022 19:38:34: Peer 1008 received the 'have' message from 1009 for the piece4.
11-28-2022 19:38:34: Peer 1008 received the 'have' message from 1009 for the piece114.
11-28-2022 19:38:34: Peer 1008 received the 'have' message from 1009 for the piece125.
11-28-2022 19:38:34: Peer 1008 received the 'have' message from 1009 for the piece0.
11-28-2022 19:38:34: Peer 1008 received the 'have' message from 1009 for the piece61.
11-28-2022 19:38:34: Peer 1008 received the 'have' message from 1009 for the piece10.
11-28-2022 19:38:34: Peer 1008 received the 'have' message from 1009 for the piece82.
11-28-2022 19:38:34: Peer 1008 received the 'have' message from 1009 for the piece21.
11-28-2022 19:38:34: Peer 1008 received the 'have' message from 1009 for the piece49.
11-28-2022 19:38:34: Peer 1008 received the 'have' message from 1009 for the piece24.
11-28-2022 19:38:34: Peer 1008 received the 'have' message from 1009 for the piece14.
11-28-2022 19:38:34: Peer 1008 received the 'have' message from 1009 for the piece116.
11-28-2022 19:38:34: Peer 1008 received the 'have' message from 1009 for the piece2.
11-28-2022 19:38:34: Peer 1008 received the 'have' message from 1009 for the piece89.
11-28-2022 19:38:34: Peer 1008 received the 'have' message from 1009 for the piece79.
11-28-2022 19:38:34: Peer 1008 received the 'have' message from 1009 for the piece131.
11-28-2022 19:38:35: Peer 1008 received the 'have' message from 1009 for the piece39.
11-28-2022 19:38:35: Peer 1008 received the 'have' message from 1009 for the piece106.
11-28-2022 19:38:35: Peer 1008 received the 'have' message from 1009 for the piece115.
11-28-2022 19:38:35: Peer 1008 received the 'have' message from 1009 for the piece86.
11-28-2022 19:38:35: Peer 1008 received the 'have' message from 1009 for the piece53.
11-28-2022 19:38:35: Peer 1008 received the 'have' message from 1009 for the piece15.
11-28-2022 19:38:35: Peer 1008 received the 'have' message from 1009 for the piece59.
11-28-2022 19:38:35: Peer 1008 received the 'have' message from 1009 for the piece67.
11-28-2022 19:38:35: Peer 1008 received the 'have' message from 1009 for the piece77.
11-28-2022 19:38:35: Peer 1008 received the 'have' message from 1009 for the piece13.
11-28-2022 19:38:35: Peer 1008 received the 'have' message from 1009 for the piece50.
11-28-2022 19:38:35: Peer 1008 received the 'have' message from 1009 for the piece19.
11-28-2022 19:38:35: Peer 1008 received the 'have' message from 1009 for the piece7.
11-28-2022 19:38:35: Peer 1008 received the 'have' message from 1009 for the piece26.
11-28-2022 19:38:35: Peer 1008 received the 'have' message from 1009 for the piece56.
11-28-2022 19:38:35: Peer 1008 received the 'have' message from 1009 for the piece96.
11-28-2022 19:38:35: Peer 1008 received the 'have' message from 1009 for the piece3.
11-28-2022 19:38:35: Peer 1008 received the 'have' message from 1009 for the piece34.
11-28-2022 19:38:35: Peer 1008 received the 'have' message from 1009 for the piece83.
11-28-2022 19:38:35: Peer 1008 received the 'have' message from 1009 for the piece119.
11-28-2022 19:38:35: Peer 1008 received the 'have' message from 1009 for the piece43.
11-28-2022 19:38:35: Peer 1008 received the 'have' message from 1009 for the piece105.
11-28-2022 19:38:35: Peer 1008 received the 'have' message from 1009 for the piece90.
11-28-2022 19:38:35: Peer 1008 received the 'have' message from 1009 for the piece70.
11-28-2022 19:38:35: Peer 1008 received the 'have' message from 1009 for the piece122.
11-28-2022 19:38:35: Peer 1008 received the 'have' message from 1009 for the piece73.
11-28-2022 19:38:35: Peer 1008 received the 'have' message from 1009 for the piece46.
11-28-2022 19:38:35: Peer 1008 received the 'have' message from 1009 for the piece80.
11-28-2022 19:38:35: Peer 1008 received the 'have' message from 1009 for the piece71.
11-28-2022 19:38:35: Peer 1008 received the 'have' message from 1009 for the piece127.
11-28-2022 19:38:35: Peer 1008 received the 'have' message from 1009 for the piece6.
11-28-2022 19:38:35: Peer 1008 received the 'have' message from 1009 for the piece52.
11-28-2022 19:38:35: Peer 1008 received the 'have' message from 1009 for the piece87.
11-28-2022 19:38:35: Peer 1008 received the 'have' message from 1009 for the piece16.
11-28-2022 19:38:35: Peer 1008 received the 'have' message from 1009 for the piece101.
11-28-2022 19:38:35: Peer 1008 received the 'have' message from 1009 for the piece48.
11-28-2022 19:38:35: Peer 1008 received the 'have' message from 1009 for the piece58.
11-28-2022 19:38:35: Peer 1008 received the 'have' message from 1009 for the piece1.
11-28-2022 19:38:35: Peer 1008 received the 'have' message from 1009 for the piece31.
11-28-2022 19:38:35: Peer 1008 received the 'have' message from 1009 for the piece126.
11-28-2022 19:38:35: Peer 1008 received the 'have' message from 1009 for the piece126.
