11-27-2022 18:58:00: Peer 1001 has the preferred neighbors -1.
11-27-2022 18:58:00: Peer 1001 has the preferred neighbors [].
11-27-2022 18:58:03: Peer 1001 makes a connection to Peer 1002.
11-27-2022 18:58:03: Peer 1001 is connected from Peer 1002.
11-27-2022 18:58:03: Peer 1001 received the 'interested' message from 1002.
11-27-2022 18:58:05: Peer 1001 has the preferred neighbors [1002].
11-27-2022 18:58:10: Peer 1001 has the preferred neighbors -1.
11-27-2022 18:58:10: Peer 1001 has the preferred neighbors [1002].
11-27-2022 18:58:15: Peer 1001 has the preferred neighbors [1002].
11-27-2022 18:58:20: Peer 1001 has the preferred neighbors -1.
11-27-2022 18:58:20: Peer 1001 has the preferred neighbors [1002].
11-27-2022 18:58:25: Peer 1001 has the preferred neighbors [1002].
11-27-2022 18:58:30: Peer 1001 has the preferred neighbors -1.
11-27-2022 18:58:30: Peer 1001 has the preferred neighbors [1002].
11-27-2022 18:58:35: Peer 1001 has the preferred neighbors [1002].
11-27-2022 18:58:40: Peer 1001 has the preferred neighbors -1.
11-27-2022 18:58:40: Peer 1001 has the preferred neighbors [1002].
11-27-2022 18:58:45: Peer 1001 has the preferred neighbors [1002].
11-27-2022 18:58:50: Peer 1001 has the preferred neighbors -1.
11-27-2022 18:58:50: Peer 1001 has the preferred neighbors [1002].
11-27-2022 18:58:55: Peer 1001 has the preferred neighbors [1002].
11-27-2022 18:59:00: Peer 1001 has the preferred neighbors -1.
11-27-2022 18:59:00: Peer 1001 has the preferred neighbors [1002].
11-27-2022 18:59:05: Peer 1001 has the preferred neighbors [1002].
11-27-2022 18:59:10: Peer 1001 has the preferred neighbors -1.
11-27-2022 18:59:10: Peer 1001 has the preferred neighbors [1002].
11-27-2022 18:59:15: Peer 1001 has the preferred neighbors [1002].
11-27-2022 18:59:20: Peer 1001 has the preferred neighbors -1.
11-27-2022 18:59:20: Peer 1001 has the preferred neighbors [1002].
11-27-2022 18:59:25: Peer 1001 has the preferred neighbors [1002].
11-27-2022 18:59:30: Peer 1001 has the preferred neighbors -1.
11-27-2022 18:59:30: Peer 1001 has the preferred neighbors [1002].
11-27-2022 18:59:35: Peer 1001 has the preferred neighbors [1002].
11-27-2022 18:59:40: Peer 1001 has the preferred neighbors -1.
11-27-2022 18:59:40: Peer 1001 has the preferred neighbors [1002].
11-27-2022 18:59:45: Peer 1001 has the preferred neighbors [1002].
11-27-2022 18:59:53: Peer 1001 has the preferred neighbors -1.
11-27-2022 18:59:53: Peer 1001 has the preferred neighbors [1002].
11-27-2022 18:59:58: Peer 1001 has the preferred neighbors [1002].
11-27-2022 19:00:03: Peer 1001 has the preferred neighbors -1.
11-27-2022 19:00:03: Peer 1001 has the preferred neighbors [1002].
11-27-2022 19:00:08: Peer 1001 has the preferred neighbors [1002].
11-27-2022 19:00:13: Peer 1001 has the preferred neighbors -1.
11-27-2022 19:00:13: Peer 1001 has the preferred neighbors [1002].
11-27-2022 19:00:18: Peer 1001 has the preferred neighbors [1002].
11-27-2022 19:00:23: Peer 1001 has the preferred neighbors -1.
11-27-2022 19:00:23: Peer 1001 has the preferred neighbors [1002].
11-27-2022 19:00:28: Peer 1001 has the preferred neighbors [1002].
11-27-2022 19:00:33: Peer 1001 has the preferred neighbors -1.
11-27-2022 19:00:33: Peer 1001 has the preferred neighbors [1002].
11-27-2022 19:02:23: Peer 1001 has the preferred neighbors [1002].
11-27-2022 19:02:28: Peer 1001 has the preferred neighbors -1.
11-27-2022 19:02:28: Peer 1001 has the preferred neighbors [1002].
11-27-2022 19:02:33: Peer 1001 has the preferred neighbors [1002].
11-27-2022 19:02:38: Peer 1001 has the preferred neighbors -1.
11-27-2022 19:02:38: Peer 1001 has the preferred neighbors [1002].
11-27-2022 19:02:43: Peer 1001 has the preferred neighbors [1002].
11-27-2022 19:02:48: Peer 1001 has the preferred neighbors -1.
11-27-2022 19:02:48: Peer 1001 has the preferred neighbors [1002].
11-27-2022 19:02:53: Peer 1001 has the preferred neighbors [1002].
11-27-2022 19:02:58: Peer 1001 has the preferred neighbors -1.
11-27-2022 19:02:58: Peer 1001 has the preferred neighbors [1002].
11-27-2022 19:03:03: Peer 1001 has the preferred neighbors [1002].
11-27-2022 19:03:08: Peer 1001 has the preferred neighbors -1.
11-27-2022 19:03:08: Peer 1001 has the preferred neighbors [1002].
11-27-2022 19:08:22: Peer 1001 has the preferred neighbors [1002].
11-27-2022 19:08:27: Peer 1001 has the preferred neighbors -1.
11-27-2022 19:08:27: Peer 1001 has the preferred neighbors [1002].
11-27-2022 19:08:32: Peer 1001 has the preferred neighbors [1002].
11-27-2022 19:08:37: Peer 1001 has the preferred neighbors -1.
11-27-2022 19:08:37: Peer 1001 has the preferred neighbors [1002].
11-27-2022 19:08:42: Peer 1001 has the preferred neighbors [1002].
11-27-2022 19:08:47: Peer 1001 has the preferred neighbors -1.
11-27-2022 19:08:47: Peer 1001 has the preferred neighbors [1002].
11-27-2022 19:08:52: Peer 1001 has the preferred neighbors [1002].
11-27-2022 19:08:57: Peer 1001 has the preferred neighbors -1.
11-27-2022 19:08:57: Peer 1001 has the preferred neighbors [1002].
11-27-2022 19:09:02: Peer 1001 has the preferred neighbors [1002].
11-27-2022 19:09:17: Peer 1001 has the preferred neighbors -1.
11-27-2022 19:09:18: Peer 1001 has the preferred neighbors [1002].
11-27-2022 19:09:23: Peer 1001 has the preferred neighbors [1002].
11-27-2022 19:09:27: Peer 1001 has the preferred neighbors -1.
11-27-2022 19:09:28: Peer 1001 has the preferred neighbors [1002].
11-27-2022 19:09:33: Peer 1001 has the preferred neighbors [1002].
11-27-2022 19:09:37: Peer 1001 has the preferred neighbors -1.
11-27-2022 19:09:38: Peer 1001 has the preferred neighbors [1002].
11-27-2022 19:09:43: Peer 1001 has the preferred neighbors [1002].
11-27-2022 19:09:47: Peer 1001 has the preferred neighbors -1.
11-27-2022 19:09:48: Peer 1001 has the preferred neighbors [1002].
11-27-2022 19:09:53: Peer 1001 has the preferred neighbors [1002].
11-27-2022 19:09:57: Peer 1001 has the preferred neighbors -1.
11-27-2022 19:09:58: Peer 1001 has the preferred neighbors [1002].
11-27-2022 19:10:03: Peer 1001 has the preferred neighbors [1002].
11-27-2022 19:17:34: Peer 1001 has the preferred neighbors -1.
11-27-2022 19:17:35: Peer 1001 has the preferred neighbors [1002].
11-27-2022 19:17:40: Peer 1001 has the preferred neighbors [1002].
11-27-2022 19:17:44: Peer 1001 has the preferred neighbors -1.
11-27-2022 19:17:45: Peer 1001 has the preferred neighbors [1002].
11-27-2022 19:17:50: Peer 1001 has the preferred neighbors [1002].
11-27-2022 19:17:54: Peer 1001 has the preferred neighbors -1.
11-27-2022 19:17:55: Peer 1001 has the preferred neighbors [1002].
11-27-2022 19:18:00: Peer 1001 has the preferred neighbors [1002].
11-27-2022 19:18:04: Peer 1001 has the preferred neighbors -1.
11-27-2022 19:18:05: Peer 1001 has the preferred neighbors [1002].
11-27-2022 19:18:10: Peer 1001 has the preferred neighbors [1002].
11-27-2022 19:18:14: Peer 1001 has the preferred neighbors -1.
11-27-2022 19:18:15: Peer 1001 has the preferred neighbors [1002].
11-27-2022 19:26:39: Peer 1001 has the preferred neighbors [1002].
11-27-2022 19:26:43: Peer 1001 has the preferred neighbors -1.
11-27-2022 19:26:44: Peer 1001 has the preferred neighbors [1002].
11-27-2022 19:26:49: Peer 1001 has the preferred neighbors [1002].
11-27-2022 19:26:53: Peer 1001 has the preferred neighbors -1.
11-27-2022 19:26:54: Peer 1001 has the preferred neighbors [1002].
11-27-2022 19:26:59: Peer 1001 has the preferred neighbors [1002].
11-27-2022 19:27:03: Peer 1001 has the preferred neighbors -1.
11-27-2022 19:27:04: Peer 1001 has the preferred neighbors [1002].
11-27-2022 19:27:09: Peer 1001 has the preferred neighbors [1002].
11-27-2022 19:27:13: Peer 1001 has the preferred neighbors -1.
11-27-2022 19:27:14: Peer 1001 has the preferred neighbors [1002].
11-27-2022 19:27:19: Peer 1001 has the preferred neighbors [1002].
11-27-2022 19:35:42: Peer 1001 has the preferred neighbors -1.
11-27-2022 19:35:43: Peer 1001 has the preferred neighbors [1002].
11-27-2022 19:35:48: Peer 1001 has the preferred neighbors [1002].
11-27-2022 19:35:52: Peer 1001 has the preferred neighbors -1.
11-27-2022 19:35:53: Peer 1001 has the preferred neighbors [1002].
11-27-2022 19:35:58: Peer 1001 has the preferred neighbors [1002].
11-27-2022 19:36:02: Peer 1001 has the preferred neighbors -1.
11-27-2022 19:36:03: Peer 1001 has the preferred neighbors [1002].
11-27-2022 19:36:08: Peer 1001 has the preferred neighbors [1002].
11-27-2022 19:36:12: Peer 1001 has the preferred neighbors -1.
11-27-2022 19:36:13: Peer 1001 has the preferred neighbors [1002].
11-27-2022 19:36:18: Peer 1001 has the preferred neighbors [1002].
11-27-2022 19:36:22: Peer 1001 has the preferred neighbors -1.
11-27-2022 19:36:23: Peer 1001 has the preferred neighbors [1002].
11-27-2022 19:36:28: Peer 1001 has the preferred neighbors [1002].
11-27-2022 19:36:32: Peer 1001 has the preferred neighbors -1.
11-27-2022 19:36:33: Peer 1001 has the preferred neighbors [1002].
11-27-2022 19:36:38: Peer 1001 has the preferred neighbors [1002].
11-27-2022 19:36:42: Peer 1001 has the preferred neighbors -1.
11-27-2022 19:36:43: Peer 1001 has the preferred neighbors [1002].
11-27-2022 19:42:30: Peer 1001 has the preferred neighbors [1002].
11-27-2022 19:42:34: Peer 1001 has the preferred neighbors -1.
11-27-2022 19:42:35: Peer 1001 has the preferred neighbors [1002].
11-27-2022 19:42:40: Peer 1001 has the preferred neighbors [1002].
11-27-2022 19:42:44: Peer 1001 has the preferred neighbors -1.
11-27-2022 19:42:45: Peer 1001 has the preferred neighbors [1002].
11-27-2022 19:42:50: Peer 1001 has the preferred neighbors [1002].
11-27-2022 19:42:55: Peer 1001 has the preferred neighbors -1.
11-27-2022 19:42:55: Peer 1001 has the preferred neighbors [1002].
11-27-2022 19:43:00: Peer 1001 has the preferred neighbors [1002].
11-27-2022 19:43:05: Peer 1001 has the preferred neighbors -1.
11-27-2022 19:43:05: Peer 1001 has the preferred neighbors [1002].
11-27-2022 19:43:10: Peer 1001 has the preferred neighbors [1002].
11-27-2022 19:46:10: Peer 1001 has the preferred neighbors -1.
11-27-2022 19:46:11: Peer 1001 has the preferred neighbors [1002].
11-27-2022 19:46:16: Peer 1001 has the preferred neighbors [1002].
11-27-2022 19:46:20: Peer 1001 has the preferred neighbors -1.
11-27-2022 19:46:21: Peer 1001 has the preferred neighbors [1002].
11-27-2022 19:46:26: Peer 1001 has the preferred neighbors [1002].
11-27-2022 19:46:30: Peer 1001 has the preferred neighbors -1.
11-27-2022 19:46:31: Peer 1001 has the preferred neighbors [1002].
11-27-2022 19:46:36: Peer 1001 has the preferred neighbors [1002].
11-27-2022 19:46:40: Peer 1001 has the preferred neighbors -1.
11-27-2022 19:46:41: Peer 1001 has the preferred neighbors [1002].
11-27-2022 19:46:46: Peer 1001 has the preferred neighbors [1002].
11-27-2022 19:46:50: Peer 1001 has the preferred neighbors -1.
11-27-2022 19:46:51: Peer 1001 has the preferred neighbors [1002].
11-27-2022 19:46:56: Peer 1001 has the preferred neighbors [1002].
11-27-2022 19:51:58: Peer 1001 has the preferred neighbors -1.
11-27-2022 19:51:59: Peer 1001 has the preferred neighbors [1002].
11-27-2022 19:52:04: Peer 1001 has the preferred neighbors [1002].
11-27-2022 19:52:08: Peer 1001 has the preferred neighbors -1.
11-27-2022 19:52:09: Peer 1001 has the preferred neighbors [1002].
11-27-2022 19:52:14: Peer 1001 has the preferred neighbors [1002].
11-27-2022 19:52:18: Peer 1001 has the preferred neighbors -1.
11-27-2022 19:52:19: Peer 1001 has the preferred neighbors [1002].
11-27-2022 19:52:24: Peer 1001 has the preferred neighbors [1002].
11-27-2022 19:52:28: Peer 1001 has the preferred neighbors -1.
11-27-2022 19:52:29: Peer 1001 has the preferred neighbors [1002].
11-27-2022 19:52:34: Peer 1001 has the preferred neighbors [1002].
11-27-2022 19:52:38: Peer 1001 has the preferred neighbors -1.
11-27-2022 19:52:39: Peer 1001 has the preferred neighbors [1002].
11-27-2022 19:52:44: Peer 1001 has the preferred neighbors [1002].
11-27-2022 20:00:14: Peer 1001 has the preferred neighbors -1.
11-27-2022 20:00:14: Peer 1001 has the preferred neighbors [1002].
11-27-2022 20:00:19: Peer 1001 has the preferred neighbors [1002].
11-27-2022 20:00:24: Peer 1001 has the preferred neighbors -1.
11-27-2022 20:00:24: Peer 1001 has the preferred neighbors [1002].
11-27-2022 20:00:29: Peer 1001 has the preferred neighbors [1002].
11-27-2022 20:00:34: Peer 1001 has the preferred neighbors -1.
11-27-2022 20:00:34: Peer 1001 has the preferred neighbors [1002].
11-27-2022 20:00:39: Peer 1001 has the preferred neighbors [1002].
11-27-2022 20:00:44: Peer 1001 has the preferred neighbors -1.
11-27-2022 20:00:44: Peer 1001 has the preferred neighbors [1002].
11-27-2022 20:00:49: Peer 1001 has the preferred neighbors [1002].
11-27-2022 20:00:54: Peer 1001 has the preferred neighbors -1.
11-27-2022 20:00:54: Peer 1001 has the preferred neighbors [1002].
11-27-2022 20:06:27: Peer 1001 has the preferred neighbors [1002].
11-27-2022 20:06:32: Peer 1001 has the preferred neighbors -1.
11-27-2022 20:06:32: Peer 1001 has the preferred neighbors [1002].
11-27-2022 20:06:37: Peer 1001 has the preferred neighbors [1002].
11-27-2022 20:06:42: Peer 1001 has the preferred neighbors -1.
11-27-2022 20:06:42: Peer 1001 has the preferred neighbors [1002].
11-27-2022 20:06:47: Peer 1001 has the preferred neighbors [1002].
11-27-2022 20:06:52: Peer 1001 has the preferred neighbors -1.
11-27-2022 20:06:52: Peer 1001 has the preferred neighbors [1002].
11-27-2022 20:06:57: Peer 1001 has the preferred neighbors [1002].
11-27-2022 20:07:02: Peer 1001 has the preferred neighbors -1.
11-27-2022 20:07:02: Peer 1001 has the preferred neighbors [1002].
11-27-2022 20:07:07: Peer 1001 has the preferred neighbors [1002].
11-27-2022 20:07:12: Peer 1001 has the preferred neighbors -1.
11-27-2022 20:07:12: Peer 1001 has the preferred neighbors [1002].
11-27-2022 20:15:36: Peer 1001 has the preferred neighbors [1002].
11-27-2022 20:15:40: Peer 1001 has the preferred neighbors -1.
11-27-2022 20:15:41: Peer 1001 has the preferred neighbors [1002].
11-27-2022 20:15:46: Peer 1001 has the preferred neighbors [1002].
11-27-2022 20:15:50: Peer 1001 has the preferred neighbors -1.
11-27-2022 20:15:51: Peer 1001 has the preferred neighbors [1002].
11-27-2022 20:15:56: Peer 1001 has the preferred neighbors [1002].
11-27-2022 20:16:00: Peer 1001 has the preferred neighbors -1.
11-27-2022 20:16:01: Peer 1001 has the preferred neighbors [1002].
11-27-2022 20:16:06: Peer 1001 has the preferred neighbors [1002].
11-27-2022 20:16:10: Peer 1001 has the preferred neighbors -1.
11-27-2022 20:16:11: Peer 1001 has the preferred neighbors [1002].
11-27-2022 20:16:16: Peer 1001 has the preferred neighbors [1002].
11-27-2022 20:24:39: Peer 1001 has the preferred neighbors -1.
11-27-2022 20:24:40: Peer 1001 has the preferred neighbors [1002].
11-27-2022 20:24:45: Peer 1001 has the preferred neighbors [1002].
11-27-2022 20:24:49: Peer 1001 has the preferred neighbors -1.
11-27-2022 20:24:50: Peer 1001 has the preferred neighbors [1002].
11-27-2022 20:24:55: Peer 1001 has the preferred neighbors [1002].
11-27-2022 20:24:59: Peer 1001 has the preferred neighbors -1.
11-27-2022 20:25:00: Peer 1001 has the preferred neighbors [1002].
11-27-2022 20:25:05: Peer 1001 has the preferred neighbors [1002].
11-27-2022 20:25:09: Peer 1001 has the preferred neighbors -1.
11-27-2022 20:25:10: Peer 1001 has the preferred neighbors [1002].
11-27-2022 20:25:15: Peer 1001 has the preferred neighbors [1002].
11-27-2022 20:25:19: Peer 1001 has the preferred neighbors -1.
11-27-2022 20:25:20: Peer 1001 has the preferred neighbors [1002].
11-27-2022 20:25:25: Peer 1001 has the preferred neighbors [1002].
11-27-2022 20:31:10: Peer 1001 has the preferred neighbors -1.
11-27-2022 20:31:11: Peer 1001 has the preferred neighbors [1002].
11-27-2022 20:31:16: Peer 1001 has the preferred neighbors [1002].
11-27-2022 20:31:20: Peer 1001 has the preferred neighbors -1.
11-27-2022 20:31:21: Peer 1001 has the preferred neighbors [1002].
11-27-2022 20:31:26: Peer 1001 has the preferred neighbors [1002].
11-27-2022 20:31:30: Peer 1001 has the preferred neighbors -1.
11-27-2022 20:31:31: Peer 1001 has the preferred neighbors [1002].
11-27-2022 20:31:36: Peer 1001 has the preferred neighbors [1002].
11-27-2022 20:31:40: Peer 1001 has the preferred neighbors -1.
11-27-2022 20:31:41: Peer 1001 has the preferred neighbors [1002].
11-27-2022 20:31:46: Peer 1001 has the preferred neighbors [1002].
11-27-2022 20:31:50: Peer 1001 has the preferred neighbors -1.
11-27-2022 20:31:51: Peer 1001 has the preferred neighbors [1002].
11-27-2022 20:40:14: Peer 1001 has the preferred neighbors [1002].
11-27-2022 20:40:19: Peer 1001 has the preferred neighbors -1.
11-27-2022 20:40:19: Peer 1001 has the preferred neighbors [1002].
11-27-2022 20:40:24: Peer 1001 has the preferred neighbors [1002].
11-27-2022 20:40:29: Peer 1001 has the preferred neighbors -1.
11-27-2022 20:40:29: Peer 1001 has the preferred neighbors [1002].
11-27-2022 20:40:35: Peer 1001 has the preferred neighbors [1002].
11-27-2022 20:40:39: Peer 1001 has the preferred neighbors -1.
11-27-2022 20:40:40: Peer 1001 has the preferred neighbors [1002].
11-27-2022 20:40:45: Peer 1001 has the preferred neighbors [1002].
11-27-2022 20:40:49: Peer 1001 has the preferred neighbors -1.
11-27-2022 20:40:50: Peer 1001 has the preferred neighbors [1002].
11-27-2022 20:40:55: Peer 1001 has the preferred neighbors [1002].
11-27-2022 20:40:59: Peer 1001 has the preferred neighbors -1.
11-27-2022 20:44:01: Peer 1001 has the preferred neighbors [1002].
11-27-2022 20:44:06: Peer 1001 has the preferred neighbors [1002].
11-27-2022 20:44:10: Peer 1001 has the preferred neighbors -1.
11-27-2022 20:44:11: Peer 1001 has the preferred neighbors [1002].
11-27-2022 20:44:16: Peer 1001 has the preferred neighbors [1002].
11-27-2022 20:44:20: Peer 1001 has the preferred neighbors -1.
11-27-2022 20:44:21: Peer 1001 has the preferred neighbors [1002].
11-27-2022 20:44:26: Peer 1001 has the preferred neighbors [1002].
11-27-2022 20:44:30: Peer 1001 has the preferred neighbors -1.
11-27-2022 20:44:31: Peer 1001 has the preferred neighbors [1002].
11-27-2022 20:44:36: Peer 1001 has the preferred neighbors [1002].
11-27-2022 20:44:40: Peer 1001 has the preferred neighbors -1.
11-27-2022 20:44:41: Peer 1001 has the preferred neighbors [1002].
11-27-2022 20:44:46: Peer 1001 has the preferred neighbors [1002].
11-27-2022 20:49:43: Peer 1001 has the preferred neighbors -1.
11-27-2022 20:49:44: Peer 1001 has the preferred neighbors [1002].
11-27-2022 20:49:49: Peer 1001 has the preferred neighbors [1002].
11-27-2022 20:49:53: Peer 1001 has the preferred neighbors -1.
11-27-2022 20:49:54: Peer 1001 has the preferred neighbors [1002].
11-27-2022 20:50:00: Peer 1001 has the preferred neighbors [1002].
11-27-2022 20:50:03: Peer 1001 has the preferred neighbors -1.
11-27-2022 20:50:05: Peer 1001 has the preferred neighbors [1002].
11-27-2022 20:50:10: Peer 1001 has the preferred neighbors [1002].
11-27-2022 20:50:13: Peer 1001 has the preferred neighbors -1.
11-27-2022 20:50:15: Peer 1001 has the preferred neighbors [1002].
11-27-2022 20:50:20: Peer 1001 has the preferred neighbors [1002].
11-27-2022 20:50:23: Peer 1001 has the preferred neighbors -1.
11-27-2022 20:50:25: Peer 1001 has the preferred neighbors [1002].
11-27-2022 20:53:20: Peer 1001 has the preferred neighbors [1002].
11-27-2022 20:53:24: Peer 1001 has the preferred neighbors -1.
11-27-2022 20:53:25: Peer 1001 has the preferred neighbors [1002].
11-27-2022 20:53:30: Peer 1001 has the preferred neighbors [1002].
11-27-2022 20:53:34: Peer 1001 has the preferred neighbors -1.
11-27-2022 20:53:35: Peer 1001 has the preferred neighbors [1002].
11-27-2022 20:53:40: Peer 1001 has the preferred neighbors [1002].
11-27-2022 20:53:44: Peer 1001 has the preferred neighbors -1.
11-27-2022 20:53:45: Peer 1001 has the preferred neighbors [1002].
11-27-2022 20:53:50: Peer 1001 has the preferred neighbors [1002].
11-27-2022 20:53:54: Peer 1001 has the preferred neighbors -1.
11-27-2022 20:53:55: Peer 1001 has the preferred neighbors [1002].
11-27-2022 20:54:00: Peer 1001 has the preferred neighbors [1002].
11-27-2022 20:54:04: Peer 1001 has the preferred neighbors -1.
11-27-2022 20:54:06: Peer 1001 has the preferred neighbors [1002].
11-27-2022 20:54:22: Peer 1001 has the preferred neighbors [1002].
11-27-2022 20:54:26: Peer 1001 has the preferred neighbors -1.
11-27-2022 20:54:27: Peer 1001 has the preferred neighbors [1002].
11-27-2022 20:54:32: Peer 1001 has the preferred neighbors [1002].
11-27-2022 20:54:36: Peer 1001 has the preferred neighbors -1.
11-27-2022 20:54:37: Peer 1001 has the preferred neighbors [1002].
11-27-2022 20:54:42: Peer 1001 has the preferred neighbors [1002].
11-27-2022 20:54:46: Peer 1001 has the preferred neighbors -1.
11-27-2022 20:54:47: Peer 1001 has the preferred neighbors [1002].
11-27-2022 20:54:52: Peer 1001 has the preferred neighbors [1002].
11-27-2022 20:54:56: Peer 1001 has the preferred neighbors -1.
11-27-2022 20:54:58: Peer 1001 has the preferred neighbors [1002].
11-27-2022 20:55:03: Peer 1001 has the preferred neighbors [1002].
11-27-2022 20:55:06: Peer 1001 has the preferred neighbors -1.
11-27-2022 20:55:08: Peer 1001 has the preferred neighbors [1002].
11-27-2022 20:55:13: Peer 1001 has the preferred neighbors [1002].
11-27-2022 20:55:16: Peer 1001 has the preferred neighbors -1.
11-27-2022 20:55:18: Peer 1001 has the preferred neighbors [1002].
11-27-2022 20:55:23: Peer 1001 has the preferred neighbors [1002].
11-27-2022 20:55:26: Peer 1001 has the preferred neighbors -1.
11-27-2022 20:55:28: Peer 1001 has the preferred neighbors [1002].
11-27-2022 21:03:28: Peer 1001 has the preferred neighbors [1002].
11-27-2022 21:03:32: Peer 1001 has the preferred neighbors -1.
11-27-2022 21:03:33: Peer 1001 has the preferred neighbors [1002].
11-27-2022 21:03:38: Peer 1001 has the preferred neighbors [1002].
11-27-2022 21:03:42: Peer 1001 has the preferred neighbors -1.
11-27-2022 21:03:43: Peer 1001 has the preferred neighbors [1002].
11-27-2022 21:03:48: Peer 1001 has the preferred neighbors [1002].
11-27-2022 21:03:52: Peer 1001 has the preferred neighbors -1.
11-27-2022 21:03:53: Peer 1001 has the preferred neighbors [1002].
11-27-2022 21:03:58: Peer 1001 has the preferred neighbors [1002].
11-27-2022 21:04:02: Peer 1001 has the preferred neighbors -1.
11-27-2022 21:04:03: Peer 1001 has the preferred neighbors [1002].
11-27-2022 21:04:08: Peer 1001 has the preferred neighbors [1002].
11-27-2022 21:04:12: Peer 1001 has the preferred neighbors -1.
11-27-2022 21:12:32: Peer 1001 has the preferred neighbors [1002].
11-27-2022 21:12:37: Peer 1001 has the preferred neighbors [1002].
11-27-2022 21:12:41: Peer 1001 has the preferred neighbors -1.
11-27-2022 21:12:42: Peer 1001 has the preferred neighbors [1002].
11-27-2022 21:12:47: Peer 1001 has the preferred neighbors [1002].
11-27-2022 21:12:51: Peer 1001 has the preferred neighbors -1.
11-27-2022 21:12:52: Peer 1001 has the preferred neighbors [1002].
11-27-2022 21:12:57: Peer 1001 has the preferred neighbors [1002].
11-27-2022 21:13:01: Peer 1001 has the preferred neighbors -1.
11-27-2022 21:13:02: Peer 1001 has the preferred neighbors [1002].
11-27-2022 21:13:07: Peer 1001 has the preferred neighbors [1002].
11-27-2022 21:13:11: Peer 1001 has the preferred neighbors -1.
11-27-2022 21:13:12: Peer 1001 has the preferred neighbors [1002].
11-27-2022 21:13:17: Peer 1001 has the preferred neighbors [1002].
11-27-2022 21:13:21: Peer 1001 has the preferred neighbors -1.
11-27-2022 21:13:22: Peer 1001 has the preferred neighbors [1002].
11-27-2022 21:13:27: Peer 1001 has the preferred neighbors [1002].
11-27-2022 21:13:31: Peer 1001 has the preferred neighbors -1.
11-27-2022 21:13:32: Peer 1001 has the preferred neighbors [1002].
11-27-2022 21:21:42: Peer 1001 has the preferred neighbors [1002].
11-27-2022 21:21:46: Peer 1001 has the preferred neighbors -1.
11-27-2022 21:21:47: Peer 1001 has the preferred neighbors [1002].
11-27-2022 21:21:52: Peer 1001 has the preferred neighbors [1002].
11-27-2022 21:21:56: Peer 1001 has the preferred neighbors -1.
11-27-2022 21:21:57: Peer 1001 has the preferred neighbors [1002].
11-27-2022 21:22:02: Peer 1001 has the preferred neighbors [1002].
11-27-2022 21:22:06: Peer 1001 has the preferred neighbors -1.
11-27-2022 21:22:07: Peer 1001 has the preferred neighbors [1002].
11-27-2022 21:22:12: Peer 1001 has the preferred neighbors [1002].
11-27-2022 21:22:16: Peer 1001 has the preferred neighbors -1.
11-27-2022 21:22:17: Peer 1001 has the preferred neighbors [1002].
11-27-2022 21:22:22: Peer 1001 has the preferred neighbors [1002].
11-27-2022 21:22:26: Peer 1001 has the preferred neighbors -1.
11-27-2022 21:22:27: Peer 1001 has the preferred neighbors [1002].
11-27-2022 21:22:32: Peer 1001 has the preferred neighbors [1002].
11-27-2022 21:22:36: Peer 1001 has the preferred neighbors -1.
11-27-2022 21:22:37: Peer 1001 has the preferred neighbors [1002].
11-27-2022 21:22:42: Peer 1001 has the preferred neighbors [1002].
11-27-2022 21:22:46: Peer 1001 has the preferred neighbors -1.
11-27-2022 21:22:47: Peer 1001 has the preferred neighbors [1002].
11-27-2022 21:22:52: Peer 1001 has the preferred neighbors [1002].
11-27-2022 21:22:56: Peer 1001 has the preferred neighbors -1.
11-27-2022 21:22:57: Peer 1001 has the preferred neighbors [1002].
11-27-2022 21:23:02: Peer 1001 has the preferred neighbors [1002].
11-27-2022 21:23:06: Peer 1001 has the preferred neighbors -1.
11-27-2022 21:23:07: Peer 1001 has the preferred neighbors [1002].
11-27-2022 21:23:12: Peer 1001 has the preferred neighbors [1002].
11-27-2022 21:23:16: Peer 1001 has the preferred neighbors -1.
11-27-2022 21:23:17: Peer 1001 has the preferred neighbors [1002].
11-27-2022 21:23:22: Peer 1001 has the preferred neighbors [1002].
11-27-2022 21:23:26: Peer 1001 has the preferred neighbors -1.
11-27-2022 21:23:27: Peer 1001 has the preferred neighbors [1002].
11-27-2022 21:23:32: Peer 1001 has the preferred neighbors [1002].
11-27-2022 21:23:36: Peer 1001 has the preferred neighbors -1.
11-27-2022 21:23:37: Peer 1001 has the preferred neighbors [1002].
11-27-2022 21:23:42: Peer 1001 has the preferred neighbors [1002].
11-27-2022 21:23:46: Peer 1001 has the preferred neighbors -1.
11-27-2022 21:23:47: Peer 1001 has the preferred neighbors [1002].
11-27-2022 21:23:52: Peer 1001 has the preferred neighbors [1002].
11-27-2022 21:23:56: Peer 1001 has the preferred neighbors -1.
11-27-2022 21:23:57: Peer 1001 has the preferred neighbors [1002].
11-27-2022 21:24:02: Peer 1001 has the preferred neighbors [1002].
11-27-2022 21:24:06: Peer 1001 has the preferred neighbors -1.
11-27-2022 21:24:07: Peer 1001 has the preferred neighbors [1002].
11-27-2022 21:24:12: Peer 1001 has the preferred neighbors [1002].
