11-27-2022 18:58:02: Peer 1002 has the preferred neighbors -1.
11-27-2022 18:58:02: Peer 1002 has the preferred neighbors [].
11-27-2022 18:58:03: Peer 1002 makes a connection to Peer 1001.
11-27-2022 18:58:03: Peer 1002 is connected from Peer 1001.
11-27-2022 18:58:05: Peer 1002 is unchoked by Peer 1001.
11-27-2022 18:58:07: Peer 1002 has the preferred neighbors [].
11-27-2022 18:58:12: Peer 1002 has the preferred neighbors -1.
11-27-2022 18:58:12: Peer 1002 has the preferred neighbors [].
11-27-2022 18:58:17: Peer 1002 has the preferred neighbors [].
11-27-2022 18:58:22: Peer 1002 has the preferred neighbors -1.
11-27-2022 18:58:22: Peer 1002 has the preferred neighbors [].
11-27-2022 18:58:27: Peer 1002 has the preferred neighbors [].
11-27-2022 18:58:32: Peer 1002 has the preferred neighbors -1.
11-27-2022 18:58:32: Peer 1002 has the preferred neighbors [].
11-27-2022 18:58:37: Peer 1002 has the preferred neighbors [].
11-27-2022 18:58:42: Peer 1002 has the preferred neighbors -1.
11-27-2022 18:58:42: Peer 1002 has the preferred neighbors [].
11-27-2022 18:58:47: Peer 1002 has the preferred neighbors [].
11-27-2022 18:58:52: Peer 1002 has the preferred neighbors -1.
11-27-2022 18:58:52: Peer 1002 has the preferred neighbors [].
11-27-2022 18:58:57: Peer 1002 has the preferred neighbors [].
11-27-2022 18:59:02: Peer 1002 has the preferred neighbors -1.
11-27-2022 18:59:03: Peer 1002 has the preferred neighbors [].
11-27-2022 18:59:08: Peer 1002 has the preferred neighbors [].
11-27-2022 18:59:12: Peer 1002 has the preferred neighbors -1.
11-27-2022 18:59:13: Peer 1002 has the preferred neighbors [].
11-27-2022 18:59:18: Peer 1002 has the preferred neighbors [].
11-27-2022 18:59:22: Peer 1002 has the preferred neighbors -1.
11-27-2022 18:59:23: Peer 1002 has the preferred neighbors [].
11-27-2022 18:59:28: Peer 1002 has the preferred neighbors [].
11-27-2022 18:59:33: Peer 1002 has the preferred neighbors -1.
11-27-2022 18:59:33: Peer 1002 has the preferred neighbors [].
11-27-2022 18:59:38: Peer 1002 has the preferred neighbors [].
11-27-2022 18:59:43: Peer 1002 has the preferred neighbors -1.
11-27-2022 18:59:43: Peer 1002 has the preferred neighbors [].
11-27-2022 18:59:51: Peer 1002 has the preferred neighbors [].
11-27-2022 18:59:55: Peer 1002 has the preferred neighbors -1.
11-27-2022 18:59:56: Peer 1002 has the preferred neighbors [].
11-27-2022 19:00:01: Peer 1002 has the preferred neighbors [].
11-27-2022 19:00:05: Peer 1002 has the preferred neighbors -1.
11-27-2022 19:00:06: Peer 1002 has the preferred neighbors [].
11-27-2022 19:00:11: Peer 1002 has the preferred neighbors [].
11-27-2022 19:00:15: Peer 1002 has the preferred neighbors -1.
11-27-2022 19:00:16: Peer 1002 has the preferred neighbors [].
11-27-2022 19:00:21: Peer 1002 has the preferred neighbors [].
11-27-2022 19:00:26: Peer 1002 has the preferred neighbors -1.
11-27-2022 19:00:26: Peer 1002 has the preferred neighbors [].
11-27-2022 19:00:31: Peer 1002 has the preferred neighbors [].
11-27-2022 19:00:36: Peer 1002 has the preferred neighbors -1.
11-27-2022 19:00:36: Peer 1002 has the preferred neighbors [].
11-27-2022 19:02:26: Peer 1002 has the preferred neighbors [].
11-27-2022 19:02:31: Peer 1002 has the preferred neighbors -1.
11-27-2022 19:02:31: Peer 1002 has the preferred neighbors [].
11-27-2022 19:02:36: Peer 1002 has the preferred neighbors [].
11-27-2022 19:02:41: Peer 1002 has the preferred neighbors -1.
11-27-2022 19:02:41: Peer 1002 has the preferred neighbors [].
11-27-2022 19:02:46: Peer 1002 has the preferred neighbors [].
11-27-2022 19:02:51: Peer 1002 has the preferred neighbors -1.
11-27-2022 19:02:51: Peer 1002 has the preferred neighbors [].
11-27-2022 19:02:56: Peer 1002 has the preferred neighbors [].
11-27-2022 19:03:01: Peer 1002 has the preferred neighbors -1.
11-27-2022 19:03:01: Peer 1002 has the preferred neighbors [].
11-27-2022 19:03:06: Peer 1002 has the preferred neighbors [].
11-27-2022 19:08:19: Peer 1002 has the preferred neighbors -1.
11-27-2022 19:08:19: Peer 1002 has the preferred neighbors [].
11-27-2022 19:08:24: Peer 1002 has the preferred neighbors [].
11-27-2022 19:08:29: Peer 1002 has the preferred neighbors -1.
11-27-2022 19:08:29: Peer 1002 has the preferred neighbors [].
11-27-2022 19:08:34: Peer 1002 has the preferred neighbors [].
11-27-2022 19:08:39: Peer 1002 has the preferred neighbors -1.
11-27-2022 19:08:39: Peer 1002 has the preferred neighbors [].
11-27-2022 19:08:44: Peer 1002 has the preferred neighbors [].
11-27-2022 19:08:49: Peer 1002 has the preferred neighbors -1.
11-27-2022 19:08:49: Peer 1002 has the preferred neighbors [].
11-27-2022 19:08:54: Peer 1002 has the preferred neighbors [].
11-27-2022 19:08:59: Peer 1002 has the preferred neighbors -1.
11-27-2022 19:08:59: Peer 1002 has the preferred neighbors [].
11-27-2022 19:09:04: Peer 1002 has the preferred neighbors [].
11-27-2022 19:09:20: Peer 1002 has the preferred neighbors -1.
11-27-2022 19:09:20: Peer 1002 has the preferred neighbors [].
11-27-2022 19:09:25: Peer 1002 has the preferred neighbors [].
11-27-2022 19:09:30: Peer 1002 has the preferred neighbors -1.
11-27-2022 19:09:30: Peer 1002 has the preferred neighbors [].
11-27-2022 19:09:35: Peer 1002 has the preferred neighbors [].
11-27-2022 19:09:40: Peer 1002 has the preferred neighbors -1.
11-27-2022 19:09:40: Peer 1002 has the preferred neighbors [].
11-27-2022 19:09:45: Peer 1002 has the preferred neighbors [].
11-27-2022 19:09:50: Peer 1002 has the preferred neighbors -1.
11-27-2022 19:09:50: Peer 1002 has the preferred neighbors [].
11-27-2022 19:09:55: Peer 1002 has the preferred neighbors [].
11-27-2022 19:10:00: Peer 1002 has the preferred neighbors -1.
11-27-2022 19:10:00: Peer 1002 has the preferred neighbors [].
11-27-2022 19:17:32: Peer 1002 has the preferred neighbors [].
11-27-2022 19:17:37: Peer 1002 has the preferred neighbors -1.
11-27-2022 19:17:37: Peer 1002 has the preferred neighbors [].
11-27-2022 19:17:42: Peer 1002 has the preferred neighbors [].
11-27-2022 19:17:47: Peer 1002 has the preferred neighbors -1.
11-27-2022 19:17:47: Peer 1002 has the preferred neighbors [].
11-27-2022 19:17:52: Peer 1002 has the preferred neighbors [].
11-27-2022 19:17:57: Peer 1002 has the preferred neighbors -1.
11-27-2022 19:17:57: Peer 1002 has the preferred neighbors [].
11-27-2022 19:18:02: Peer 1002 has the preferred neighbors [].
11-27-2022 19:18:07: Peer 1002 has the preferred neighbors -1.
11-27-2022 19:18:07: Peer 1002 has the preferred neighbors [].
11-27-2022 19:18:12: Peer 1002 has the preferred neighbors [].
11-27-2022 19:18:17: Peer 1002 has the preferred neighbors -1.
11-27-2022 19:26:36: Peer 1002 has the preferred neighbors [].
11-27-2022 19:26:41: Peer 1002 has the preferred neighbors [].
11-27-2022 19:26:46: Peer 1002 has the preferred neighbors -1.
11-27-2022 19:26:46: Peer 1002 has the preferred neighbors [].
11-27-2022 19:26:51: Peer 1002 has the preferred neighbors [].
11-27-2022 19:26:56: Peer 1002 has the preferred neighbors -1.
11-27-2022 19:26:56: Peer 1002 has the preferred neighbors [].
11-27-2022 19:27:01: Peer 1002 has the preferred neighbors [].
11-27-2022 19:27:06: Peer 1002 has the preferred neighbors -1.
11-27-2022 19:27:06: Peer 1002 has the preferred neighbors [].
11-27-2022 19:27:11: Peer 1002 has the preferred neighbors [].
11-27-2022 19:27:16: Peer 1002 has the preferred neighbors -1.
11-27-2022 19:27:16: Peer 1002 has the preferred neighbors [].
11-27-2022 19:27:21: Peer 1002 has the preferred neighbors [].
11-27-2022 19:35:45: Peer 1002 has the preferred neighbors -1.
11-27-2022 19:35:45: Peer 1002 has the preferred neighbors [].
11-27-2022 19:35:50: Peer 1002 has the preferred neighbors [].
11-27-2022 19:35:55: Peer 1002 has the preferred neighbors -1.
11-27-2022 19:35:55: Peer 1002 has the preferred neighbors [].
11-27-2022 19:36:00: Peer 1002 has the preferred neighbors [].
11-27-2022 19:36:05: Peer 1002 has the preferred neighbors -1.
11-27-2022 19:36:05: Peer 1002 has the preferred neighbors [].
11-27-2022 19:36:10: Peer 1002 has the preferred neighbors [].
11-27-2022 19:36:15: Peer 1002 has the preferred neighbors -1.
11-27-2022 19:36:15: Peer 1002 has the preferred neighbors [].
11-27-2022 19:36:20: Peer 1002 has the preferred neighbors [].
11-27-2022 19:36:25: Peer 1002 has the preferred neighbors -1.
11-27-2022 19:36:25: Peer 1002 has the preferred neighbors [].
11-27-2022 19:36:30: Peer 1002 has the preferred neighbors [].
11-27-2022 19:36:35: Peer 1002 has the preferred neighbors -1.
11-27-2022 19:36:36: Peer 1002 has the preferred neighbors [].
11-27-2022 19:36:41: Peer 1002 has the preferred neighbors [].
11-27-2022 19:42:27: Peer 1002 has the preferred neighbors -1.
11-27-2022 19:42:28: Peer 1002 has the preferred neighbors [].
11-27-2022 19:42:33: Peer 1002 has the preferred neighbors [].
11-27-2022 19:42:37: Peer 1002 has the preferred neighbors -1.
11-27-2022 19:42:38: Peer 1002 has the preferred neighbors [].
11-27-2022 19:42:43: Peer 1002 has the preferred neighbors [].
11-27-2022 19:42:47: Peer 1002 has the preferred neighbors -1.
11-27-2022 19:42:48: Peer 1002 has the preferred neighbors [].
11-27-2022 19:42:53: Peer 1002 has the preferred neighbors [].
11-27-2022 19:42:57: Peer 1002 has the preferred neighbors -1.
11-27-2022 19:42:58: Peer 1002 has the preferred neighbors [].
11-27-2022 19:43:03: Peer 1002 has the preferred neighbors [].
11-27-2022 19:43:07: Peer 1002 has the preferred neighbors -1.
11-27-2022 19:43:08: Peer 1002 has the preferred neighbors [].
11-27-2022 19:43:13: Peer 1002 has the preferred neighbors [].
11-27-2022 19:46:13: Peer 1002 has the preferred neighbors -1.
11-27-2022 19:46:13: Peer 1002 has the preferred neighbors [].
11-27-2022 19:46:18: Peer 1002 has the preferred neighbors [].
11-27-2022 19:46:23: Peer 1002 has the preferred neighbors -1.
11-27-2022 19:46:23: Peer 1002 has the preferred neighbors [].
11-27-2022 19:46:28: Peer 1002 has the preferred neighbors [].
11-27-2022 19:46:33: Peer 1002 has the preferred neighbors -1.
11-27-2022 19:46:33: Peer 1002 has the preferred neighbors [].
11-27-2022 19:46:39: Peer 1002 has the preferred neighbors [].
11-27-2022 19:46:43: Peer 1002 has the preferred neighbors -1.
11-27-2022 19:46:44: Peer 1002 has the preferred neighbors [].
11-27-2022 19:46:49: Peer 1002 has the preferred neighbors [].
11-27-2022 19:46:53: Peer 1002 has the preferred neighbors -1.
11-27-2022 19:46:54: Peer 1002 has the preferred neighbors [].
11-27-2022 19:51:56: Peer 1002 has the preferred neighbors [].
11-27-2022 19:52:01: Peer 1002 has the preferred neighbors -1.
11-27-2022 19:52:01: Peer 1002 has the preferred neighbors [].
11-27-2022 19:52:06: Peer 1002 has the preferred neighbors [].
11-27-2022 19:52:11: Peer 1002 has the preferred neighbors -1.
11-27-2022 19:52:11: Peer 1002 has the preferred neighbors [].
11-27-2022 19:52:16: Peer 1002 has the preferred neighbors [].
11-27-2022 19:52:21: Peer 1002 has the preferred neighbors -1.
11-27-2022 19:52:21: Peer 1002 has the preferred neighbors [].
11-27-2022 19:52:26: Peer 1002 has the preferred neighbors [].
11-27-2022 19:52:31: Peer 1002 has the preferred neighbors -1.
11-27-2022 19:52:31: Peer 1002 has the preferred neighbors [].
11-27-2022 19:52:36: Peer 1002 has the preferred neighbors [].
11-27-2022 19:52:41: Peer 1002 has the preferred neighbors -1.
11-27-2022 19:52:41: Peer 1002 has the preferred neighbors [].
11-27-2022 20:00:12: Peer 1002 has the preferred neighbors [].
11-27-2022 20:00:16: Peer 1002 has the preferred neighbors -1.
11-27-2022 20:00:17: Peer 1002 has the preferred neighbors [].
11-27-2022 20:00:22: Peer 1002 has the preferred neighbors [].
11-27-2022 20:00:26: Peer 1002 has the preferred neighbors -1.
11-27-2022 20:00:27: Peer 1002 has the preferred neighbors [].
11-27-2022 20:00:32: Peer 1002 has the preferred neighbors [].
11-27-2022 20:00:36: Peer 1002 has the preferred neighbors -1.
11-27-2022 20:00:37: Peer 1002 has the preferred neighbors [].
11-27-2022 20:00:42: Peer 1002 has the preferred neighbors [].
11-27-2022 20:00:46: Peer 1002 has the preferred neighbors -1.
11-27-2022 20:00:47: Peer 1002 has the preferred neighbors [].
11-27-2022 20:00:52: Peer 1002 has the preferred neighbors [].
11-27-2022 20:00:56: Peer 1002 has the preferred neighbors -1.
11-27-2022 20:00:57: Peer 1002 has the preferred neighbors [].
11-27-2022 20:06:30: Peer 1002 has the preferred neighbors [].
11-27-2022 20:06:34: Peer 1002 has the preferred neighbors -1.
11-27-2022 20:06:35: Peer 1002 has the preferred neighbors [].
11-27-2022 20:06:40: Peer 1002 has the preferred neighbors [].
11-27-2022 20:06:44: Peer 1002 has the preferred neighbors -1.
11-27-2022 20:06:45: Peer 1002 has the preferred neighbors [].
11-27-2022 20:06:50: Peer 1002 has the preferred neighbors [].
11-27-2022 20:06:54: Peer 1002 has the preferred neighbors -1.
11-27-2022 20:06:55: Peer 1002 has the preferred neighbors [].
11-27-2022 20:07:00: Peer 1002 has the preferred neighbors [].
11-27-2022 20:07:04: Peer 1002 has the preferred neighbors -1.
11-27-2022 20:07:05: Peer 1002 has the preferred neighbors [].
11-27-2022 20:07:10: Peer 1002 has the preferred neighbors [].
11-27-2022 20:15:32: Peer 1002 has the preferred neighbors -1.
11-27-2022 20:15:33: Peer 1002 has the preferred neighbors [].
11-27-2022 20:15:38: Peer 1002 has the preferred neighbors [].
11-27-2022 20:15:42: Peer 1002 has the preferred neighbors -1.
11-27-2022 20:15:43: Peer 1002 has the preferred neighbors [].
11-27-2022 20:15:48: Peer 1002 has the preferred neighbors [].
11-27-2022 20:15:52: Peer 1002 has the preferred neighbors -1.
11-27-2022 20:15:53: Peer 1002 has the preferred neighbors [].
11-27-2022 20:15:58: Peer 1002 has the preferred neighbors [].
11-27-2022 20:16:02: Peer 1002 has the preferred neighbors -1.
11-27-2022 20:16:03: Peer 1002 has the preferred neighbors [].
11-27-2022 20:16:08: Peer 1002 has the preferred neighbors [].
11-27-2022 20:16:12: Peer 1002 has the preferred neighbors -1.
11-27-2022 20:16:13: Peer 1002 has the preferred neighbors [].
11-27-2022 20:16:19: Peer 1002 has the preferred neighbors [].
11-27-2022 20:24:41: Peer 1002 has the preferred neighbors -1.
11-27-2022 20:24:42: Peer 1002 has the preferred neighbors [].
11-27-2022 20:24:47: Peer 1002 has the preferred neighbors [].
11-27-2022 20:24:51: Peer 1002 has the preferred neighbors -1.
11-27-2022 20:24:52: Peer 1002 has the preferred neighbors [].
11-27-2022 20:24:58: Peer 1002 has the preferred neighbors [].
11-27-2022 20:25:01: Peer 1002 has the preferred neighbors -1.
11-27-2022 20:25:03: Peer 1002 has the preferred neighbors [].
11-27-2022 20:25:08: Peer 1002 has the preferred neighbors [].
11-27-2022 20:25:12: Peer 1002 has the preferred neighbors -1.
11-27-2022 20:25:13: Peer 1002 has the preferred neighbors [].
11-27-2022 20:25:18: Peer 1002 has the preferred neighbors [].
11-27-2022 20:25:22: Peer 1002 has the preferred neighbors -1.
11-27-2022 20:25:23: Peer 1002 has the preferred neighbors [].
11-27-2022 20:31:09: Peer 1002 has the preferred neighbors [].
11-27-2022 20:31:13: Peer 1002 has the preferred neighbors -1.
11-27-2022 20:31:14: Peer 1002 has the preferred neighbors [].
11-27-2022 20:31:19: Peer 1002 has the preferred neighbors [].
11-27-2022 20:31:23: Peer 1002 has the preferred neighbors -1.
11-27-2022 20:31:24: Peer 1002 has the preferred neighbors [].
11-27-2022 20:31:29: Peer 1002 has the preferred neighbors [].
11-27-2022 20:31:33: Peer 1002 has the preferred neighbors -1.
11-27-2022 20:31:34: Peer 1002 has the preferred neighbors [].
11-27-2022 20:31:39: Peer 1002 has the preferred neighbors [].
11-27-2022 20:31:43: Peer 1002 has the preferred neighbors -1.
11-27-2022 20:31:44: Peer 1002 has the preferred neighbors [].
11-27-2022 20:31:49: Peer 1002 has the preferred neighbors [].
11-27-2022 20:31:53: Peer 1002 has the preferred neighbors -1.
11-27-2022 20:40:12: Peer 1002 has the preferred neighbors [].
11-27-2022 20:40:17: Peer 1002 has the preferred neighbors [].
11-27-2022 20:40:21: Peer 1002 has the preferred neighbors -1.
11-27-2022 20:40:22: Peer 1002 has the preferred neighbors [].
11-27-2022 20:40:27: Peer 1002 has the preferred neighbors [].
11-27-2022 20:40:31: Peer 1002 has the preferred neighbors -1.
11-27-2022 20:40:32: Peer 1002 has the preferred neighbors [].
11-27-2022 20:40:37: Peer 1002 has the preferred neighbors [].
11-27-2022 20:40:41: Peer 1002 has the preferred neighbors -1.
11-27-2022 20:40:42: Peer 1002 has the preferred neighbors [].
11-27-2022 20:40:47: Peer 1002 has the preferred neighbors [].
11-27-2022 20:40:51: Peer 1002 has the preferred neighbors -1.
11-27-2022 20:40:52: Peer 1002 has the preferred neighbors [].
11-27-2022 20:40:57: Peer 1002 has the preferred neighbors [].
11-27-2022 20:44:03: Peer 1002 has the preferred neighbors -1.
11-27-2022 20:44:04: Peer 1002 has the preferred neighbors [].
11-27-2022 20:44:09: Peer 1002 has the preferred neighbors [].
11-27-2022 20:44:13: Peer 1002 has the preferred neighbors -1.
11-27-2022 20:44:14: Peer 1002 has the preferred neighbors [].
11-27-2022 20:44:19: Peer 1002 has the preferred neighbors [].
11-27-2022 20:44:23: Peer 1002 has the preferred neighbors -1.
11-27-2022 20:44:24: Peer 1002 has the preferred neighbors [].
11-27-2022 20:44:29: Peer 1002 has the preferred neighbors [].
11-27-2022 20:44:33: Peer 1002 has the preferred neighbors -1.
11-27-2022 20:44:34: Peer 1002 has the preferred neighbors [].
11-27-2022 20:44:39: Peer 1002 has the preferred neighbors [].
11-27-2022 20:44:43: Peer 1002 has the preferred neighbors -1.
11-27-2022 20:44:44: Peer 1002 has the preferred neighbors [].
11-27-2022 20:49:42: Peer 1002 has the preferred neighbors [].
11-27-2022 20:49:46: Peer 1002 has the preferred neighbors -1.
11-27-2022 20:49:47: Peer 1002 has the preferred neighbors [].
11-27-2022 20:49:52: Peer 1002 has the preferred neighbors [].
11-27-2022 20:49:56: Peer 1002 has the preferred neighbors -1.
11-27-2022 20:49:57: Peer 1002 has the preferred neighbors [].
11-27-2022 20:50:02: Peer 1002 has the preferred neighbors [].
11-27-2022 20:50:06: Peer 1002 has the preferred neighbors -1.
11-27-2022 20:50:07: Peer 1002 has the preferred neighbors [].
11-27-2022 20:50:12: Peer 1002 has the preferred neighbors [].
11-27-2022 20:50:16: Peer 1002 has the preferred neighbors -1.
11-27-2022 20:50:17: Peer 1002 has the preferred neighbors [].
11-27-2022 20:50:22: Peer 1002 has the preferred neighbors [].
11-27-2022 20:50:26: Peer 1002 has the preferred neighbors -1.
11-27-2022 20:50:27: Peer 1002 has the preferred neighbors [].
11-27-2022 20:53:23: Peer 1002 has the preferred neighbors [].
11-27-2022 20:53:27: Peer 1002 has the preferred neighbors -1.
11-27-2022 20:53:28: Peer 1002 has the preferred neighbors [].
11-27-2022 20:53:33: Peer 1002 has the preferred neighbors [].
11-27-2022 20:53:37: Peer 1002 has the preferred neighbors -1.
11-27-2022 20:53:38: Peer 1002 has the preferred neighbors [].
11-27-2022 20:53:43: Peer 1002 has the preferred neighbors [].
11-27-2022 20:53:47: Peer 1002 has the preferred neighbors -1.
11-27-2022 20:53:48: Peer 1002 has the preferred neighbors [].
11-27-2022 20:53:53: Peer 1002 has the preferred neighbors [].
11-27-2022 20:53:57: Peer 1002 has the preferred neighbors -1.
11-27-2022 20:53:58: Peer 1002 has the preferred neighbors [].
11-27-2022 20:54:03: Peer 1002 has the preferred neighbors [].
11-27-2022 20:54:19: Peer 1002 has the preferred neighbors -1.
11-27-2022 20:54:20: Peer 1002 has the preferred neighbors [].
11-27-2022 20:54:25: Peer 1002 has the preferred neighbors [].
11-27-2022 20:54:29: Peer 1002 has the preferred neighbors -1.
11-27-2022 20:54:30: Peer 1002 has the preferred neighbors [].
11-27-2022 20:54:35: Peer 1002 has the preferred neighbors [].
11-27-2022 20:54:39: Peer 1002 has the preferred neighbors -1.
11-27-2022 20:54:40: Peer 1002 has the preferred neighbors [].
11-27-2022 20:54:45: Peer 1002 has the preferred neighbors [].
11-27-2022 20:54:49: Peer 1002 has the preferred neighbors -1.
11-27-2022 20:54:50: Peer 1002 has the preferred neighbors [].
11-27-2022 20:54:55: Peer 1002 has the preferred neighbors [].
11-27-2022 20:54:59: Peer 1002 has the preferred neighbors -1.
11-27-2022 20:55:00: Peer 1002 has the preferred neighbors [].
11-27-2022 20:55:05: Peer 1002 has the preferred neighbors [].
11-27-2022 20:55:09: Peer 1002 has the preferred neighbors -1.
11-27-2022 20:55:10: Peer 1002 has the preferred neighbors [].
11-27-2022 20:55:15: Peer 1002 has the preferred neighbors [].
11-27-2022 20:55:19: Peer 1002 has the preferred neighbors -1.
11-27-2022 20:55:20: Peer 1002 has the preferred neighbors [].
11-27-2022 20:55:25: Peer 1002 has the preferred neighbors [].
11-27-2022 20:55:29: Peer 1002 has the preferred neighbors -1.
11-27-2022 21:03:26: Peer 1002 has the preferred neighbors [].
11-27-2022 21:03:31: Peer 1002 has the preferred neighbors [].
11-27-2022 21:03:34: Peer 1002 has the preferred neighbors -1.
11-27-2022 21:03:36: Peer 1002 has the preferred neighbors [].
11-27-2022 21:03:41: Peer 1002 has the preferred neighbors [].
11-27-2022 21:03:44: Peer 1002 has the preferred neighbors -1.
11-27-2022 21:03:46: Peer 1002 has the preferred neighbors [].
11-27-2022 21:03:51: Peer 1002 has the preferred neighbors [].
11-27-2022 21:03:54: Peer 1002 has the preferred neighbors -1.
11-27-2022 21:03:56: Peer 1002 has the preferred neighbors [].
11-27-2022 21:04:01: Peer 1002 has the preferred neighbors [].
11-27-2022 21:04:04: Peer 1002 has the preferred neighbors -1.
11-27-2022 21:04:06: Peer 1002 has the preferred neighbors [].
11-27-2022 21:04:11: Peer 1002 has the preferred neighbors [].
11-27-2022 21:12:33: Peer 1002 has the preferred neighbors -1.
11-27-2022 21:12:35: Peer 1002 has the preferred neighbors [].
11-27-2022 21:12:40: Peer 1002 has the preferred neighbors [].
11-27-2022 21:12:43: Peer 1002 has the preferred neighbors -1.
11-27-2022 21:12:45: Peer 1002 has the preferred neighbors [].
11-27-2022 21:12:50: Peer 1002 has the preferred neighbors [].
11-27-2022 21:12:53: Peer 1002 has the preferred neighbors -1.
11-27-2022 21:12:55: Peer 1002 has the preferred neighbors [].
11-27-2022 21:13:00: Peer 1002 has the preferred neighbors [].
11-27-2022 21:13:03: Peer 1002 has the preferred neighbors -1.
11-27-2022 21:13:05: Peer 1002 has the preferred neighbors [].
11-27-2022 21:13:10: Peer 1002 has the preferred neighbors [].
11-27-2022 21:13:13: Peer 1002 has the preferred neighbors -1.
11-27-2022 21:13:15: Peer 1002 has the preferred neighbors [].
11-27-2022 21:13:20: Peer 1002 has the preferred neighbors [].
11-27-2022 21:13:23: Peer 1002 has the preferred neighbors -1.
11-27-2022 21:13:25: Peer 1002 has the preferred neighbors [].
11-27-2022 21:13:30: Peer 1002 has the preferred neighbors [].
11-27-2022 21:13:33: Peer 1002 has the preferred neighbors -1.
11-27-2022 21:21:40: Peer 1002 has the preferred neighbors [].
11-27-2022 21:21:45: Peer 1002 has the preferred neighbors [].
11-27-2022 21:21:48: Peer 1002 has the preferred neighbors -1.
11-27-2022 21:21:50: Peer 1002 has the preferred neighbors [].
11-27-2022 21:21:55: Peer 1002 has the preferred neighbors [].
11-27-2022 21:21:58: Peer 1002 has the preferred neighbors -1.
11-27-2022 21:22:00: Peer 1002 has the preferred neighbors [].
11-27-2022 21:22:05: Peer 1002 has the preferred neighbors [].
11-27-2022 21:22:08: Peer 1002 has the preferred neighbors -1.
11-27-2022 21:22:10: Peer 1002 has the preferred neighbors [].
11-27-2022 21:22:15: Peer 1002 has the preferred neighbors [].
11-27-2022 21:22:18: Peer 1002 has the preferred neighbors -1.
11-27-2022 21:22:20: Peer 1002 has the preferred neighbors [].
11-27-2022 21:22:25: Peer 1002 has the preferred neighbors [].
11-27-2022 21:22:28: Peer 1002 has the preferred neighbors -1.
11-27-2022 21:22:30: Peer 1002 has the preferred neighbors [].
11-27-2022 21:22:35: Peer 1002 has the preferred neighbors [].
11-27-2022 21:22:38: Peer 1002 has the preferred neighbors -1.
11-27-2022 21:22:40: Peer 1002 has the preferred neighbors [].
11-27-2022 21:22:45: Peer 1002 has the preferred neighbors [].
11-27-2022 21:22:48: Peer 1002 has the preferred neighbors -1.
11-27-2022 21:22:50: Peer 1002 has the preferred neighbors [].
11-27-2022 21:22:55: Peer 1002 has the preferred neighbors [].
11-27-2022 21:22:58: Peer 1002 has the preferred neighbors -1.
11-27-2022 21:23:00: Peer 1002 has the preferred neighbors [].
11-27-2022 21:23:05: Peer 1002 has the preferred neighbors [].
11-27-2022 21:23:08: Peer 1002 has the preferred neighbors -1.
11-27-2022 21:23:10: Peer 1002 has the preferred neighbors [].
11-27-2022 21:23:15: Peer 1002 has the preferred neighbors [].
11-27-2022 21:23:18: Peer 1002 has the preferred neighbors -1.
11-27-2022 21:23:20: Peer 1002 has the preferred neighbors [].
11-27-2022 21:23:25: Peer 1002 has the preferred neighbors [].
11-27-2022 21:23:28: Peer 1002 has the preferred neighbors -1.
11-27-2022 21:23:30: Peer 1002 has the preferred neighbors [].
11-27-2022 21:23:35: Peer 1002 has the preferred neighbors [].
11-27-2022 21:23:38: Peer 1002 has the preferred neighbors -1.
11-27-2022 21:23:40: Peer 1002 has the preferred neighbors [].
11-27-2022 21:23:45: Peer 1002 has the preferred neighbors [].
11-27-2022 21:23:48: Peer 1002 has the preferred neighbors -1.
11-27-2022 21:23:50: Peer 1002 has the preferred neighbors [].
11-27-2022 21:23:55: Peer 1002 has the preferred neighbors [].
11-27-2022 21:23:58: Peer 1002 has the preferred neighbors -1.
11-27-2022 21:24:00: Peer 1002 has the preferred neighbors [].
11-27-2022 21:24:05: Peer 1002 has the preferred neighbors [].
11-27-2022 21:24:08: Peer 1002 has the preferred neighbors -1.
11-27-2022 21:24:10: Peer 1002 has the preferred neighbors [].
